This file contains any messages produced by compilers while
running configure, to aid debugging if configure makes a mistake.

It was created by tk configure 9.0, which was
generated by GNU Autoconf 2.72.  Invocation command line was

  $ ./configure --prefix /home/wander/.ftb/lib --exec-prefix /home/wander/.ftb/bin

## --------- ##
## Platform. ##
## --------- ##

hostname = greytown
uname -m = x86_64
uname -r = 6.12.21_1
uname -s = Linux
uname -v = #1 SMP PREEMPT_DYNAMIC Sun Mar 30 03:01:12 UTC 2025

/usr/bin/uname -p = unknown
/bin/uname -X     = unknown

/bin/arch              = x86_64
/usr/bin/arch -k       = unknown
/usr/convex/getsysinfo = unknown
/usr/bin/hostinfo      = unknown
/bin/machine           = unknown
/usr/bin/oslevel       = unknown
/bin/universe          = unknown

PATH: /usr/local/sbin/
PATH: /usr/local/bin/
PATH: /usr/bin/
PATH: /usr/sbin/
PATH: /sbin/
PATH: /bin/
PATH: /usr/lib/jvm/default-jdk/bin/
PATH: /usr/lib/jvm/default-jre/bin/
PATH: /home/wander/bin/
PATH: /home/wander/bin/
PATH: /usr/lib/jvm/default-jdk/bin/
PATH: /usr/lib/jvm/default-jre/bin/
PATH: /home/wander/bin/


## ----------- ##
## Core tests. ##
## ----------- ##

configure:2635: checking for Tcl configuration
configure:2740: result: found /usr/lib/tclConfig.sh
configure:2746: checking for existence of /usr/lib/tclConfig.sh
configure:2750: result: loading
configure:2807: error: tk 9.0 requires Tcl 8.7+
Found config for Tcl 8.6

## ---------------- ##
## Cache variables. ##
## ---------------- ##

ac_cv_c_tclconfig='/usr/lib'
ac_cv_env_CC_set=''
ac_cv_env_CC_value=''
ac_cv_env_CFLAGS_set=''
ac_cv_env_CFLAGS_value=''
ac_cv_env_CPPFLAGS_set=''
ac_cv_env_CPPFLAGS_value=''
ac_cv_env_CPP_set=''
ac_cv_env_CPP_value=''
ac_cv_env_LDFLAGS_set=''
ac_cv_env_LDFLAGS_value=''
ac_cv_env_LIBS_set=''
ac_cv_env_LIBS_value=''
ac_cv_env_XMKMF_set=''
ac_cv_env_XMKMF_value=''
ac_cv_env_build_alias_set=''
ac_cv_env_build_alias_value=''
ac_cv_env_host_alias_set=''
ac_cv_env_host_alias_value=''
ac_cv_env_target_alias_set=''
ac_cv_env_target_alias_value=''

## ----------------- ##
## Output variables. ##
## ----------------- ##

APP_RSRC_FILE=''
AR=''
BUILD_TCLSH=''
CC=''
CC_FOR_BUILD=''
CC_SEARCH_FLAGS=''
CFBUNDLELOCALIZATIONS=''
CFLAGS=''
CFLAGS_DEBUG=''
CFLAGS_DEFAULT=''
CFLAGS_NOLTO=''
CFLAGS_OPTIMIZE=''
CFLAGS_WARNING=''
CPP=''
CPPFLAGS=''
CUPS_CFLAGS=''
CUPS_LIBS=''
DEFS=''
DEMO_DIR=''
DLL_INSTALL_DIR=''
DL_LIBS=''
DL_OBJS=''
ECHO_C=''
ECHO_N='-n'
ECHO_T=''
EXEEXT=''
EXEEXT_FOR_BUILD=''
EXTRA_APP_CC_SWITCHES=''
EXTRA_BUILD_HTML=''
EXTRA_CC_SWITCHES=''
EXTRA_INSTALL=''
EXTRA_INSTALL_BINARIES=''
EXTRA_WISH_LIBS=''
HTML_DIR=''
INSTALL_LIB=''
INSTALL_LIBRARIES=''
INSTALL_MSGS=''
INSTALL_STUB_LIB=''
LDAIX_SRC=''
LDFLAGS=''
LDFLAGS_DEBUG=''
LDFLAGS_DEFAULT=''
LDFLAGS_OPTIMIZE=''
LD_LIBRARY_PATH_VAR=''
LD_SEARCH_FLAGS=''
LIBOBJS=''
LIBS=''
LIB_RSRC_FILE=''
LIB_RUNTIME_DIR=''
LOCALES='cs da de el en en_gb eo es fr hu it nl pl pt ru sv'
LTLIBOBJS=''
MACHER_PROG=''
MAKE_LIB=''
MAKE_STUB_LIB=''
MAN_FLAGS=''
OBJEXT=''
OBJEXT_FOR_BUILD=''
PACKAGE_BUGREPORT=''
PACKAGE_NAME='tk'
PACKAGE_STRING='tk 9.0'
PACKAGE_TARNAME='tk'
PACKAGE_URL=''
PACKAGE_VERSION='9.0'
PATH_SEPARATOR=':'
PLAT_OBJS=''
PLAT_SRCS=''
PRIVATE_INCLUDE_DIR=''
RANLIB=''
REZ=''
REZ_FLAGS=''
SHARED_BUILD=''
SHELL='/bin/sh'
SHLIB_CFLAGS=''
SHLIB_LD=''
SHLIB_LD_LIBS=''
SHLIB_SUFFIX=''
STLIB_LD=''
TCLSH_PROG=''
TCL_BIN_DIR='/usr/lib'
TCL_LIBS='-ldl -lz  -lpthread '
TCL_LIB_FILE='libtcl8.6.so'
TCL_LIB_FLAG='-ltcl8.6'
TCL_LIB_SPEC='-L/usr/lib64 -ltcl8.6'
TCL_PATCH_LEVEL='.14'
TCL_SHLIB_LD_EXTRAS=''
TCL_SRC_DIR='/builddir/tcl-8.6.14'
TCL_STUB_FLAGS=''
TCL_STUB_LIB_FILE='libtclstub8.6.a'
TCL_STUB_LIB_FLAG='-ltclstub8.6'
TCL_STUB_LIB_SPEC='-L/usr/lib64 -ltclstub8.6'
TCL_VERSION='8.6'
TK_BUILD_LIB_SPEC=''
TK_BUILD_STUB_LIB_PATH=''
TK_BUILD_STUB_LIB_SPEC=''
TK_DEMO_DIR=''
TK_INCLUDE_SPEC=''
TK_LIBRARY=''
TK_LIB_FILE=''
TK_LIB_FILE_TCL8=''
TK_LIB_FILE_TCL9=''
TK_LIB_FLAG=''
TK_LIB_SPEC=''
TK_MAJOR_VERSION='9'
TK_MINOR_VERSION='0'
TK_PATCH_LEVEL='.1'
TK_PKG_DIR=''
TK_RSRC_FILE=''
TK_SHARED_BUILD=''
TK_SHLIB_LD_EXTRAS=''
TK_SRC_DIR=''
TK_STUB_LIB_FILE=''
TK_STUB_LIB_FLAG=''
TK_STUB_LIB_PATH=''
TK_STUB_LIB_SPEC=''
TK_VERSION='9.0'
TK_WINDOWINGSYSTEM=''
TK_YEAR=''
TK_ZIP_FILE=''
UNIX_FONT_OBJS=''
WISH_RSRC_FILE=''
XFT_CFLAGS=''
XFT_LIBS=''
XINCLUDES=''
XLIBSW=''
XMKMF=''
ZIPFS_BUILD=''
ZIP_INSTALL_OBJS=''
ZIP_PROG=''
ZIP_PROG_OPTIONS=''
ZIP_PROG_VFSSEARCH=''
ac_ct_CC=''
bindir='${exec_prefix}/bin'
build_alias=''
datadir='${datarootdir}'
datarootdir='${prefix}/share'
docdir='${datarootdir}/doc/${PACKAGE_TARNAME}'
dvidir='${docdir}'
exec_prefix='/home/wander/.ftb/bin'
host_alias=''
htmldir='${docdir}'
includedir='${prefix}/include'
infodir='${datarootdir}/info'
libdir='${exec_prefix}/lib'
libexecdir='${exec_prefix}/libexec'
localedir='${datarootdir}/locale'
localstatedir='${prefix}/var'
mandir='${datarootdir}/man'
oldincludedir='/usr/include'
pdfdir='${docdir}'
prefix='/home/wander/.ftb/lib'
program_transform_name='s,x,x,'
psdir='${docdir}'
runstatedir='${localstatedir}/run'
sbindir='${exec_prefix}/sbin'
sharedstatedir='${prefix}/com'
sysconfdir='${prefix}/etc'
target_alias=''

## ----------- ##
## confdefs.h. ##
## ----------- ##

/* confdefs.h */
#define PACKAGE_NAME "tk"
#define PACKAGE_TARNAME "tk"
#define PACKAGE_VERSION "9.0"
#define PACKAGE_STRING "tk 9.0"
#define PACKAGE_BUGREPORT ""
#define PACKAGE_URL ""

configure: exit 1
